<?xml version="1.0" encoding="UTF-8"?>
<testsuite xmlns:xsi="http://www.w3.org/2001/XMLSchema-instance" xsi:noNamespaceSchemaLocation="https://maven.apache.org/surefire/maven-surefire-plugin/xsd/surefire-test-report-3.0.xsd" version="3.0" name="com.bajaj.finserv.FinservHealthChallengeApplicationTests" time="3.173" tests="3" errors="0" skipped="0" failures="0">
  <properties>
[...]
</properties>
  <testcase name="testOddRegistrationNumber" classname="com.bajaj.finserv.FinservHealthChallengeApplicationTests" time="0.505">
    <system-out><![CDATA[17:03:27.106 [main] INFO org.springframework.test.context.support.AnnotationConfigContextLoaderUtils -- Could not detect default configuration classes for test class [com.bajaj.finserv.FinservHealthChallengeApplicationTests]: FinservHealthChallengeApplicationTests does not declare any static, non-private, non-final, nested classes annotated with @Configuration.
17:03:27.218 [main] INFO org.springframework.boot.test.context.SpringBootTestContextBootstrapper -- Found @SpringBootConfiguration com.bajaj.finserv.FinservHealthChallengeApplication for test class com.bajaj.finserv.FinservHealthChallengeApplicationTests

  .   ____          _            __ _ _
 /\\ / ___'_ __ _ _(_)_ __  __ _ \ \ \ \
( ( )\___ | '_ | '_| | '_ \/ _` | \ \ \ \
 \\/  ___)| |_)| | | | | || (_| |  ) ) ) )
  '  |____| .__|_| |_|_| |_\__, | / / / /
 =========|_|==============|___/=/_/_/_/
 :: Spring Boot ::                (v3.2.0)

2025-12-01T17:03:27.597+05:30  INFO 28460 --- [finserv-health-challenge] [           main] f.FinservHealthChallengeApplicationTests : Starting FinservHealthChallengeApplicationTests using Java 25 with PID 28460 (started by HP in C:\Users\HP\OneDrive\Desktop\BajajTest)
2025-12-01T17:03:27.598+05:30 DEBUG 28460 --- [finserv-health-challenge] [           main] f.FinservHealthChallengeApplicationTests : Running with Spring Boot v3.2.0, Spring v6.1.1
2025-12-01T17:03:27.598+05:30  INFO 28460 --- [finserv-health-challenge] [           main] f.FinservHealthChallengeApplicationTests : No active profile set, falling back to 1 default profile: "default"
2025-12-01T17:03:28.879+05:30  INFO 28460 --- [finserv-health-challenge] [           main] f.FinservHealthChallengeApplicationTests : Started FinservHealthChallengeApplicationTests in 1.527 seconds (process running for 2.351)
Application started. Initiating Bajaj Finserv Health Challenge...
2025-12-01T17:03:29.014+05:30 DEBUG 28460 --- [finserv-health-challenge] [           main] o.s.web.client.RestTemplate              : HTTP POST https://bfhldevapigw.healthrx.co.in/hiring/generateWebhook/JAVA
2025-12-01T17:03:29.050+05:30 DEBUG 28460 --- [finserv-health-challenge] [           main] o.s.web.client.RestTemplate              : Accept=[application/json, application/*+json]
2025-12-01T17:03:29.060+05:30 DEBUG 28460 --- [finserv-health-challenge] [           main] o.s.web.client.RestTemplate              : Writing [com.bajaj.finserv.model.WebhookRequest@715a70e9] as "application/json"
2025-12-01T17:03:29.533+05:30 DEBUG 28460 --- [finserv-health-challenge] [           main] o.s.web.client.RestTemplate              : Response 200 OK
2025-12-01T17:03:29.535+05:30 DEBUG 28460 --- [finserv-health-challenge] [           main] o.s.web.client.RestTemplate              : Reading to [com.bajaj.finserv.model.WebhookResponse]
Webhook generated successfully
Webhook URL: null
Access Token: eyJhbGciOiJIUzI1NiJ9.eyJyZWdObyI6IlJFRzEyMzQ3IiwibmFtZSI6IkpvaG4gRG9lIiwiZW1haWwiOiJqb2huQGV4YW1wbGUuY29tIiwic3ViIjoid2ViaG9vay11c2VyIiwiaWF0IjoxNzY0NTg4ODExLCJleHAiOjE3NjQ1ODk3MTF9.OKmiobQqSZU7oc9KU7tdAgoqxoXzUKJENBWI4btPobQ
SQL Solution generated:
SELECT
    p.AMOUNT as SALARY,
    CONCAT(e.FIRST_NAME, ' ', e.LAST_NAME) as NAME,
    TIMESTAMPDIFF(YEAR, e.DOB, CURDATE()) as AGE,
    d.DEPARTMENT_NAME
FROM PAYMENTS p
JOIN EMPLOYEE e ON p.EMP_ID = e.EMP_ID
JOIN DEPARTMENT d ON e.DEPARTMENT = d.DEPARTMENT_ID
WHERE DAY(p.PAYMENT_TIME) != 1
ORDER BY p.AMOUNT DESC
LIMIT 1
Submitting solution to: https://bfhldevapigw.healthrx.co.in/hiring/testWebhook/JAVA
Authorization token: eyJhbGciOiJIUzI1NiJ9...
Request body: SELECT
    p.AMOUNT as SALARY,
    CONCAT(e.FIRST_NAME, ' ', e.LAST_NAME) as NAME,
    TIMESTAMPDIFF(YEAR, e.DOB, CURDATE()) as AGE,
    d.DEPARTMENT_NAME
FROM PAYMENTS p
JOIN EMPLOYEE e ON p.EMP_ID = e.EMP_ID
JOIN DEPARTMENT d ON e.DEPARTMENT = d.DEPARTMENT_ID
WHERE DAY(p.PAYMENT_TIME) != 1
ORDER BY p.AMOUNT DESC
LIMIT 1
2025-12-01T17:03:29.552+05:30 DEBUG 28460 --- [finserv-health-challenge] [           main] o.s.web.client.RestTemplate              : HTTP POST https://bfhldevapigw.healthrx.co.in/hiring/testWebhook/JAVA
2025-12-01T17:03:29.553+05:30 DEBUG 28460 --- [finserv-health-challenge] [           main] o.s.web.client.RestTemplate              : Accept=[text/plain, application/json, application/*+json, */*]
2025-12-01T17:03:29.553+05:30 DEBUG 28460 --- [finserv-health-challenge] [           main] o.s.web.client.RestTemplate              : Writing [com.bajaj.finserv.model.SolutionRequest@3830f918] as "application/json"
2025-12-01T17:03:29.621+05:30 DEBUG 28460 --- [finserv-health-challenge] [           main] o.s.web.client.RestTemplate              : Response 200 OK
2025-12-01T17:03:29.622+05:30 DEBUG 28460 --- [finserv-health-challenge] [           main] o.s.web.client.RestTemplate              : Reading to [java.lang.String] as "application/json"
Solution submitted successfully!
Response Status: 200 OK
Response: {"success":true,"message":"Webhook processed successfully"}
]]></system-out>
    <system-err><![CDATA[WARNING: A Java agent has been loaded dynamically (C:\Users\HP\.m2\repository\net\bytebuddy\byte-buddy-agent\1.14.10\byte-buddy-agent-1.14.10.jar)
WARNING: If a serviceability tool is in use, please run with -XX:+EnableDynamicAgentLoading to hide this warning
WARNING: If a serviceability tool is not in use, please run with -Djdk.instrument.traceUsage for more information
WARNING: Dynamic loading of agents will be disallowed by default in a future release
]]></system-err>
  </testcase>
  <testcase name="testEvenRegistrationNumber" classname="com.bajaj.finserv.FinservHealthChallengeApplicationTests" time="0.002"/>
  <testcase name="contextLoads" classname="com.bajaj.finserv.FinservHealthChallengeApplicationTests" time="0.003"/>
</testsuite>